<?xml version="1.0" encoding="UTF-8"?>
<!-- Generated by org.testng.reporters.JUnitXMLReporter -->
<testsuite hostname="ada2-PC" name="Course videos of  IITBombayX" tests="3" failures="3" timestamp="2 Jul 2015 04:36:16 GMT" time="69.705" errors="0">
  <testcase name="viewLecture_Video" time="17.852" classname="iitbombayX.TS05.TS05_TC01">
    <failure type="org.openqa.selenium.ElementNotVisibleException" message="Element is not currently visible and so may not be interacted with
Command duration or timeout: 10.07 seconds
Build info: version: &amp;apos;2.44.0&amp;apos;, revision: &amp;apos;76d78cf&amp;apos;, time: &amp;apos;2014-10-23 20:03:00&amp;apos;
System info: host: &amp;apos;ada2-PC&amp;apos;, ip: &amp;apos;10.129.151.22&amp;apos;, os.name: &amp;apos;Windows 7&amp;apos;, os.arch: &amp;apos;x86&amp;apos;, os.version: &amp;apos;6.1&amp;apos;, java.version: &amp;apos;1.7.0_79&amp;apos;
Session ID: 8951b4a8-3578-4582-a6f8-00c14e8e3485
Driver info: org.openqa.selenium.firefox.FirefoxDriver
Capabilities [{platform=WINDOWS, acceptSslCerts=true, javascriptEnabled=true, cssSelectorsEnabled=true, databaseEnabled=true, browserName=firefox, handlesAlerts=true, browserConnectionEnabled=true, nativeEvents=false, webStorageEnabled=true, rotatable=false, locationContextEnabled=true, applicationCacheEnabled=true, takesScreenshot=true, version=13.0.1}]">
      <![CDATA[org.openqa.selenium.ElementNotVisibleException: Element is not currently visible and so may not be interacted with
Command duration or timeout: 10.07 seconds
Build info: version: '2.44.0', revision: '76d78cf', time: '2014-10-23 20:03:00'
System info: host: 'ada2-PC', ip: '10.129.151.22', os.name: 'Windows 7', os.arch: 'x86', os.version: '6.1', java.version: '1.7.0_79'
Session ID: 8951b4a8-3578-4582-a6f8-00c14e8e3485
Driver info: org.openqa.selenium.firefox.FirefoxDriver
Capabilities [{platform=WINDOWS, acceptSslCerts=true, javascriptEnabled=true, cssSelectorsEnabled=true, databaseEnabled=true, browserName=firefox, handlesAlerts=true, browserConnectionEnabled=true, nativeEvents=false, webStorageEnabled=true, rotatable=false, locationContextEnabled=true, applicationCacheEnabled=true, takesScreenshot=true, version=13.0.1}]
	at org.openqa.selenium.remote.ErrorHandler.createThrowable(ErrorHandler.java:204)
	at org.openqa.selenium.remote.ErrorHandler.throwIfResponseFailed(ErrorHandler.java:156)
	at org.openqa.selenium.remote.RemoteWebDriver.execute(RemoteWebDriver.java:599)
	at org.openqa.selenium.remote.RemoteWebElement.execute(RemoteWebElement.java:268)
	at org.openqa.selenium.remote.RemoteWebElement.click(RemoteWebElement.java:79)
	at iitbombayX.TS05.TS05_TC01.viewLecture_Video(TS05_TC01.java:32)
Caused by: org.openqa.selenium.ElementNotVisibleException: Element is not currently visible and so may not be interacted with
Build info: version: '2.44.0', revision: '76d78cf', time: '2014-10-23 20:03:00'
System info: host: 'ada2-PC', ip: '10.129.151.22', os.name: 'Windows 7', os.arch: 'x86', os.version: '6.1', java.version: '1.7.0_79'
Driver info: driver.version: unknown
	at <anonymous class>.<anonymous method>(file:///C:/Users/ada2/AppData/Local/Temp/anonymous589847411064227339webdriver-profile/extensions/fxdriver@googlecode.com/components/command-processor.js:8959)
	at <anonymous class>.<anonymous method>(file:///C:/Users/ada2/AppData/Local/Temp/anonymous589847411064227339webdriver-profile/extensions/fxdriver@googlecode.com/components/command-processor.js:11618)
	at <anonymous class>.<anonymous method>(file:///C:/Users/ada2/AppData/Local/Temp/anonymous589847411064227339webdriver-profile/extensions/fxdriver@googlecode.com/components/command-processor.js:11635)
	at <anonymous class>.<anonymous method>(file:///C:/Users/ada2/AppData/Local/Temp/anonymous589847411064227339webdriver-profile/extensions/fxdriver@googlecode.com/components/command-processor.js:548)
... Removed 28 stack frames]]>
    </failure>
  </testcase> <!-- viewLecture_Video -->
  <testcase name="viewLect_transcript" time="17.132" classname="iitbombayX.TS05.TS05_TC02">
    <failure type="org.openqa.selenium.ElementNotVisibleException" message="Element is not currently visible and so may not be interacted with
Command duration or timeout: 10.11 seconds
Build info: version: &amp;apos;2.44.0&amp;apos;, revision: &amp;apos;76d78cf&amp;apos;, time: &amp;apos;2014-10-23 20:03:00&amp;apos;
System info: host: &amp;apos;ada2-PC&amp;apos;, ip: &amp;apos;10.129.151.22&amp;apos;, os.name: &amp;apos;Windows 7&amp;apos;, os.arch: &amp;apos;x86&amp;apos;, os.version: &amp;apos;6.1&amp;apos;, java.version: &amp;apos;1.7.0_79&amp;apos;
Session ID: 932562bf-3686-4a0a-86f1-230c532ce644
Driver info: org.openqa.selenium.firefox.FirefoxDriver
Capabilities [{platform=WINDOWS, acceptSslCerts=true, javascriptEnabled=true, cssSelectorsEnabled=true, databaseEnabled=true, browserName=firefox, handlesAlerts=true, browserConnectionEnabled=true, nativeEvents=false, webStorageEnabled=true, rotatable=false, locationContextEnabled=true, applicationCacheEnabled=true, takesScreenshot=true, version=13.0.1}]">
      <![CDATA[org.openqa.selenium.ElementNotVisibleException: Element is not currently visible and so may not be interacted with
Command duration or timeout: 10.11 seconds
Build info: version: '2.44.0', revision: '76d78cf', time: '2014-10-23 20:03:00'
System info: host: 'ada2-PC', ip: '10.129.151.22', os.name: 'Windows 7', os.arch: 'x86', os.version: '6.1', java.version: '1.7.0_79'
Session ID: 932562bf-3686-4a0a-86f1-230c532ce644
Driver info: org.openqa.selenium.firefox.FirefoxDriver
Capabilities [{platform=WINDOWS, acceptSslCerts=true, javascriptEnabled=true, cssSelectorsEnabled=true, databaseEnabled=true, browserName=firefox, handlesAlerts=true, browserConnectionEnabled=true, nativeEvents=false, webStorageEnabled=true, rotatable=false, locationContextEnabled=true, applicationCacheEnabled=true, takesScreenshot=true, version=13.0.1}]
	at org.openqa.selenium.remote.ErrorHandler.createThrowable(ErrorHandler.java:204)
	at org.openqa.selenium.remote.ErrorHandler.throwIfResponseFailed(ErrorHandler.java:156)
	at org.openqa.selenium.remote.RemoteWebDriver.execute(RemoteWebDriver.java:599)
	at org.openqa.selenium.remote.RemoteWebElement.execute(RemoteWebElement.java:268)
	at org.openqa.selenium.remote.RemoteWebElement.click(RemoteWebElement.java:79)
	at iitbombayX.TS05.TS05_TC02.viewLect_transcript(TS05_TC02.java:29)
Caused by: org.openqa.selenium.ElementNotVisibleException: Element is not currently visible and so may not be interacted with
Build info: version: '2.44.0', revision: '76d78cf', time: '2014-10-23 20:03:00'
System info: host: 'ada2-PC', ip: '10.129.151.22', os.name: 'Windows 7', os.arch: 'x86', os.version: '6.1', java.version: '1.7.0_79'
Driver info: driver.version: unknown
	at <anonymous class>.<anonymous method>(file:///C:/Users/ada2/AppData/Local/Temp/anonymous756040333937909974webdriver-profile/extensions/fxdriver@googlecode.com/components/command-processor.js:8959)
	at <anonymous class>.<anonymous method>(file:///C:/Users/ada2/AppData/Local/Temp/anonymous756040333937909974webdriver-profile/extensions/fxdriver@googlecode.com/components/command-processor.js:11618)
	at <anonymous class>.<anonymous method>(file:///C:/Users/ada2/AppData/Local/Temp/anonymous756040333937909974webdriver-profile/extensions/fxdriver@googlecode.com/components/command-processor.js:11635)
	at <anonymous class>.<anonymous method>(file:///C:/Users/ada2/AppData/Local/Temp/anonymous756040333937909974webdriver-profile/extensions/fxdriver@googlecode.com/components/command-processor.js:548)
... Removed 28 stack frames]]>
    </failure>
  </testcase> <!-- viewLect_transcript -->
  <testcase name="download_transcript_video" time="16.352" classname="iitbombayX.TS05.TS05_TC04">
    <failure type="org.openqa.selenium.ElementNotVisibleException" message="Element is not currently visible and so may not be interacted with
Command duration or timeout: 11.98 seconds
Build info: version: &amp;apos;2.44.0&amp;apos;, revision: &amp;apos;76d78cf&amp;apos;, time: &amp;apos;2014-10-23 20:03:00&amp;apos;
System info: host: &amp;apos;ada2-PC&amp;apos;, ip: &amp;apos;10.129.151.22&amp;apos;, os.name: &amp;apos;Windows 7&amp;apos;, os.arch: &amp;apos;x86&amp;apos;, os.version: &amp;apos;6.1&amp;apos;, java.version: &amp;apos;1.7.0_79&amp;apos;
Session ID: 66fa7b42-9bc3-4d16-ad51-c345fea12e36
Driver info: org.openqa.selenium.firefox.FirefoxDriver
Capabilities [{platform=WINDOWS, acceptSslCerts=true, javascriptEnabled=true, cssSelectorsEnabled=true, databaseEnabled=true, browserName=firefox, handlesAlerts=true, browserConnectionEnabled=true, nativeEvents=false, webStorageEnabled=true, rotatable=false, locationContextEnabled=true, applicationCacheEnabled=true, takesScreenshot=true, version=13.0.1}]">
      <![CDATA[org.openqa.selenium.ElementNotVisibleException: Element is not currently visible and so may not be interacted with
Command duration or timeout: 11.98 seconds
Build info: version: '2.44.0', revision: '76d78cf', time: '2014-10-23 20:03:00'
System info: host: 'ada2-PC', ip: '10.129.151.22', os.name: 'Windows 7', os.arch: 'x86', os.version: '6.1', java.version: '1.7.0_79'
Session ID: 66fa7b42-9bc3-4d16-ad51-c345fea12e36
Driver info: org.openqa.selenium.firefox.FirefoxDriver
Capabilities [{platform=WINDOWS, acceptSslCerts=true, javascriptEnabled=true, cssSelectorsEnabled=true, databaseEnabled=true, browserName=firefox, handlesAlerts=true, browserConnectionEnabled=true, nativeEvents=false, webStorageEnabled=true, rotatable=false, locationContextEnabled=true, applicationCacheEnabled=true, takesScreenshot=true, version=13.0.1}]
	at org.openqa.selenium.remote.ErrorHandler.createThrowable(ErrorHandler.java:204)
	at org.openqa.selenium.remote.ErrorHandler.throwIfResponseFailed(ErrorHandler.java:156)
	at org.openqa.selenium.remote.RemoteWebDriver.execute(RemoteWebDriver.java:599)
	at org.openqa.selenium.remote.RemoteWebElement.execute(RemoteWebElement.java:268)
	at org.openqa.selenium.remote.RemoteWebElement.click(RemoteWebElement.java:79)
	at iitbombayX.TS05.TS05_TC04.download_transcript_video(TS05_TC04.java:30)
Caused by: org.openqa.selenium.ElementNotVisibleException: Element is not currently visible and so may not be interacted with
Build info: version: '2.44.0', revision: '76d78cf', time: '2014-10-23 20:03:00'
System info: host: 'ada2-PC', ip: '10.129.151.22', os.name: 'Windows 7', os.arch: 'x86', os.version: '6.1', java.version: '1.7.0_79'
Driver info: driver.version: unknown
	at <anonymous class>.<anonymous method>(file:///C:/Users/ada2/AppData/Local/Temp/anonymous2515053880064928952webdriver-profile/extensions/fxdriver@googlecode.com/components/command-processor.js:8959)
	at <anonymous class>.<anonymous method>(file:///C:/Users/ada2/AppData/Local/Temp/anonymous2515053880064928952webdriver-profile/extensions/fxdriver@googlecode.com/components/command-processor.js:11618)
	at <anonymous class>.<anonymous method>(file:///C:/Users/ada2/AppData/Local/Temp/anonymous2515053880064928952webdriver-profile/extensions/fxdriver@googlecode.com/components/command-processor.js:11635)
	at <anonymous class>.<anonymous method>(file:///C:/Users/ada2/AppData/Local/Temp/anonymous2515053880064928952webdriver-profile/extensions/fxdriver@googlecode.com/components/command-processor.js:548)
... Removed 28 stack frames]]>
    </failure>
  </testcase> <!-- download_transcript_video -->
</testsuite> <!-- Course videos of  IITBombayX -->
