<?xml version="1.0" encoding="UTF-8"?>
<!-- Generated by org.testng.reporters.JUnitXMLReporter -->
<testsuite hostname="iitb-desktop" name="Faq page of  IITBombayX" tests="5" failures="0" timestamp="8 Jun 2015 23:38:00 GMT" time="34.922" errors="0">
  <testcase name="FAQ_content_page" time="1.443" classname="HomeToFAQ_page_test.faq_LEARNERS_content_page"/>
  <testcase name="testFAQLeftPanel" time="4.03" classname="HomeToFAQ_page_test.faqLeft_Panel_navLink_test"/>
  <testcase name="testHomeToFaqHeadernavLink" time="6.681" classname="HomeToFAQ_page_test.FAQpage_header_Navlinks_test"/>
  <testcase name="testFAQFooter" time="3.314" classname="HomeToFAQ_page_test.homeToFAQ_footer_nav_link"/>
  <testcase name="faqOf_FaqPage" time="0.248" classname="HomeToFAQ_page_test.faq_On_FaqPage"/>
</testsuite> <!-- Faq page of  IITBombayX -->
