<?xml version="1.0" encoding="UTF-8"?>
<!-- Generated by org.testng.reporters.JUnitXMLReporter -->
<testsuite hostname="ada2-PC" name="Faq page of  IITBombayX" tests="5" failures="0" timestamp="2 Jul 2015 04:33:49 GMT" time="66.734" errors="0">
  <testcase name="FAQ_content_page" time="5.157" classname="HomeToFAQ_page_test.faq_LEARNERS_content_page"/>
  <testcase name="testFAQLeftPanel" time="8.107" classname="HomeToFAQ_page_test.faqLeft_Panel_navLink_test"/>
  <testcase name="testHomeToFaqHeadernavLink" time="13.919" classname="HomeToFAQ_page_test.FAQpage_header_Navlinks_test"/>
  <testcase name="testFAQFooter" time="6.206" classname="HomeToFAQ_page_test.homeToFAQ_footer_nav_link"/>
  <testcase name="faqOf_FaqPage" time="2.258" classname="HomeToFAQ_page_test.faq_On_FaqPage"/>
</testsuite> <!-- Faq page of  IITBombayX -->
