<?xml version="1.0" encoding="UTF-8"?>
<!-- Generated by org.testng.reporters.JUnitXMLReporter -->
<testsuite hostname="aakash-desktop" name="Home Page of IITBombayX" tests="4" failures="0" timestamp="9 Apr 2015 07:04:41 GMT" time="47.601" errors="0">
  <testcase name="testHomePage" time="18.735" classname="iitbombayX_homePage_test.Homepage_header_Navlinks_test"/>
  <testcase name="testHomeFooterNav" time="9.006" classname="iitbombayX_homePage_test.home_footer_nav_link"/>
  <testcase name="text_onPage" time="0.468" classname="iitbombayX_homePage_test.homePage_text"/>
  <testcase name="check_content" time="0.198" classname="iitbombayX_homePage_test.home_content_font"/>
</testsuite> <!-- Home Page of IITBombayX -->
