<?xml version="1.0" encoding="UTF-8"?>
<!-- Generated by org.testng.reporters.JUnitXMLReporter -->
<testsuite hostname="ada2-PC" name="Home Page of IITBombayX" tests="4" failures="0" timestamp="2 Jul 2015 04:31:15 GMT" time="60.6" errors="0">
  <testcase name="testHomePage" time="16.363" classname="iitbombayX_homePage_test.Homepage_header_Navlinks_test"/>
  <testcase name="testHomeFooterNav" time="8.471" classname="iitbombayX_homePage_test.home_footer_nav_link"/>
  <testcase name="text_onPage" time="2.933" classname="iitbombayX_homePage_test.homePage_text"/>
  <testcase name="check_content" time="2.417" classname="iitbombayX_homePage_test.home_content_font"/>
</testsuite> <!-- Home Page of IITBombayX -->
