<?xml version="1.0" encoding="UTF-8"?>
<!-- Generated by org.testng.reporters.JUnitXMLReporter -->
<testsuite hostname="iitb-desktop" name="Home Page ofto Faq of  IITBombayX" tests="4" failures="0" timestamp="28 Apr 2015 00:24:50 GMT" time="31.023" errors="0">
  <testcase name="FAQ_content_page" time="1.264" classname="HomeToFAQ_page_test.faq_LEARNERS_content_page"/>
  <testcase name="testFAQLeftPanel" time="4.877" classname="HomeToFAQ_page_test.faqLeft_Panel_navLink_test"/>
  <testcase name="testHomeToFaqHeadernavLink" time="6.56" classname="HomeToFAQ_page_test.FAQpage_header_Navlinks_test"/>
  <testcase name="testFAQFooter" time="2.823" classname="HomeToFAQ_page_test.homeToFAQ_footer_nav_link"/>
</testsuite> <!-- Home Page ofto Faq of  IITBombayX -->
