<?xml version="1.0" encoding="UTF-8"?>
<testng-results skipped="0" failed="1" total="8" passed="7">
  <reporter-output>
  </reporter-output>
  <suite name="Automation Testing IITBombayX Using Selenium" duration-ms="92502" started-at="2015-04-09T07:03:53Z" finished-at="2015-04-09T07:05:26Z">
    <groups>
    </groups>
    <test name="Home Page of IITBombayX" duration-ms="47601" started-at="2015-04-09T07:03:53Z" finished-at="2015-04-09T07:04:41Z">
      <class name="iitbombayX_homePage_test.home_footer_nav_link">
        <test-method status="PASS" signature="beforeMethod()[pri:0, instance:iitbombayX_homePage_test.home_footer_nav_link@15735fd]" name="beforeMethod" is-config="true" duration-ms="4600" started-at="2015-04-09T12:34:17Z" finished-at="2015-04-09T12:34:22Z">
          <reporter-output>
          </reporter-output>
        </test-method> <!-- beforeMethod -->
        <test-method status="PASS" signature="testHomeFooterNav()[pri:0, instance:iitbombayX_homePage_test.home_footer_nav_link@15735fd]" name="testHomeFooterNav" duration-ms="9006" started-at="2015-04-09T12:34:22Z" finished-at="2015-04-09T12:34:31Z">
          <reporter-output>
          </reporter-output>
        </test-method> <!-- testHomeFooterNav -->
        <test-method status="PASS" signature="afterMethod()[pri:0, instance:iitbombayX_homePage_test.home_footer_nav_link@15735fd]" name="afterMethod" is-config="true" duration-ms="95" started-at="2015-04-09T12:34:31Z" finished-at="2015-04-09T12:34:31Z">
          <reporter-output>
          </reporter-output>
        </test-method> <!-- afterMethod -->
      </class> <!-- iitbombayX_homePage_test.home_footer_nav_link -->
      <class name="iitbombayX_homePage_test.Homepage_header_Navlinks_test">
        <test-method status="PASS" signature="beforeMethod()[pri:0, instance:iitbombayX_homePage_test.Homepage_header_Navlinks_test@15a8006]" name="beforeMethod" is-config="true" duration-ms="5230" started-at="2015-04-09T12:33:53Z" finished-at="2015-04-09T12:33:59Z">
          <reporter-output>
          </reporter-output>
        </test-method> <!-- beforeMethod -->
        <test-method status="PASS" signature="testHomePage()[pri:0, instance:iitbombayX_homePage_test.Homepage_header_Navlinks_test@15a8006]" name="testHomePage" duration-ms="18735" started-at="2015-04-09T12:33:59Z" finished-at="2015-04-09T12:34:17Z">
          <reporter-output>
          </reporter-output>
        </test-method> <!-- testHomePage -->
        <test-method status="PASS" signature="afterMethod()[pri:0, instance:iitbombayX_homePage_test.Homepage_header_Navlinks_test@15a8006]" name="afterMethod" is-config="true" duration-ms="74" started-at="2015-04-09T12:34:17Z" finished-at="2015-04-09T12:34:17Z">
          <reporter-output>
          </reporter-output>
        </test-method> <!-- afterMethod -->
      </class> <!-- iitbombayX_homePage_test.Homepage_header_Navlinks_test -->
      <class name="iitbombayX_homePage_test.home_content_font">
        <test-method status="PASS" signature="beforeMethod()[pri:0, instance:iitbombayX_homePage_test.home_content_font@1b164f2]" name="beforeMethod" is-config="true" duration-ms="4491" started-at="2015-04-09T12:34:36Z" finished-at="2015-04-09T12:34:41Z">
          <reporter-output>
          </reporter-output>
        </test-method> <!-- beforeMethod -->
        <test-method status="PASS" signature="check_content()[pri:0, instance:iitbombayX_homePage_test.home_content_font@1b164f2]" name="check_content" duration-ms="198" started-at="2015-04-09T12:34:41Z" finished-at="2015-04-09T12:34:41Z">
          <reporter-output>
          </reporter-output>
        </test-method> <!-- check_content -->
        <test-method status="PASS" signature="afterMethod()[pri:0, instance:iitbombayX_homePage_test.home_content_font@1b164f2]" name="afterMethod" is-config="true" duration-ms="72" started-at="2015-04-09T12:34:41Z" finished-at="2015-04-09T12:34:41Z">
          <reporter-output>
          </reporter-output>
        </test-method> <!-- afterMethod -->
      </class> <!-- iitbombayX_homePage_test.home_content_font -->
      <class name="iitbombayX_homePage_test.homePage_text">
        <test-method status="PASS" signature="beforeMethod()[pri:0, instance:iitbombayX_homePage_test.homePage_text@1df1074]" name="beforeMethod" is-config="true" duration-ms="4540" started-at="2015-04-09T12:34:31Z" finished-at="2015-04-09T12:34:36Z">
          <reporter-output>
          </reporter-output>
        </test-method> <!-- beforeMethod -->
        <test-method status="PASS" signature="text_onPage()[pri:0, instance:iitbombayX_homePage_test.homePage_text@1df1074]" name="text_onPage" duration-ms="468" started-at="2015-04-09T12:34:36Z" finished-at="2015-04-09T12:34:36Z">
          <reporter-output>
          </reporter-output>
        </test-method> <!-- text_onPage -->
        <test-method status="PASS" signature="afterMethod()[pri:0, instance:iitbombayX_homePage_test.homePage_text@1df1074]" name="afterMethod" is-config="true" duration-ms="74" started-at="2015-04-09T12:34:36Z" finished-at="2015-04-09T12:34:36Z">
          <reporter-output>
          </reporter-output>
        </test-method> <!-- afterMethod -->
      </class> <!-- iitbombayX_homePage_test.homePage_text -->
    </test> <!-- Home Page of IITBombayX -->
    <test name="Registration Page of IITBombayX" duration-ms="37385" started-at="2015-04-09T07:04:41Z" finished-at="2015-04-09T07:05:18Z">
      <class name="iitbombayX.registrationPage.registrationPage_header_link">
        <test-method status="PASS" signature="beforeMethod()[pri:0, instance:iitbombayX.registrationPage.registrationPage_header_link@1f06863]" name="beforeMethod" is-config="true" duration-ms="4945" started-at="2015-04-09T12:34:58Z" finished-at="2015-04-09T12:35:03Z">
          <reporter-output>
          </reporter-output>
        </test-method> <!-- beforeMethod -->
        <test-method status="PASS" signature="registration_header_nav()[pri:0, instance:iitbombayX.registrationPage.registrationPage_header_link@1f06863]" name="registration_header_nav" duration-ms="9823" started-at="2015-04-09T12:35:03Z" finished-at="2015-04-09T12:35:13Z">
          <reporter-output>
          </reporter-output>
        </test-method> <!-- registration_header_nav -->
        <test-method status="PASS" signature="afterMethod()[pri:0, instance:iitbombayX.registrationPage.registrationPage_header_link@1f06863]" name="afterMethod" is-config="true" duration-ms="70" started-at="2015-04-09T12:35:13Z" finished-at="2015-04-09T12:35:13Z">
          <reporter-output>
          </reporter-output>
        </test-method> <!-- afterMethod -->
      </class> <!-- iitbombayX.registrationPage.registrationPage_header_link -->
      <class name="iitbombayX.registrationPage.test_registration_page">
        <test-method status="PASS" signature="beforeMethod()[pri:0, instance:iitbombayX.registrationPage.test_registration_page@e781f]" name="beforeMethod" is-config="true" duration-ms="4467" started-at="2015-04-09T12:34:41Z" finished-at="2015-04-09T12:34:45Z">
          <reporter-output>
          </reporter-output>
        </test-method> <!-- beforeMethod -->
        <test-method status="FAIL" signature="testRegPage()[pri:0, instance:iitbombayX.registrationPage.test_registration_page@e781f]" name="testRegPage" duration-ms="12808" started-at="2015-04-09T12:34:45Z" finished-at="2015-04-09T12:34:58Z">
          <exception class="org.openqa.selenium.NoSuchElementException">
            <message>
              <![CDATA[Unable to locate element: {"method":"xpath","selector":"html/body/div[1]/header/nav/ol[2]/li[2]/a"}
Command duration or timeout: 10.07 seconds
For documentation on this error, please visit: http://seleniumhq.org/exceptions/no_such_element.html
Build info: version: '2.44.0', revision: '76d78cf', time: '2014-10-23 20:03:00'
System info: host: 'aakash-desktop', ip: '127.0.1.1', os.name: 'Linux', os.arch: 'i386', os.version: '3.5.0-51-generic', java.version: '1.7.0_55'
Session ID: 12de36dc-65ca-4691-91cc-64df81585552
Driver info: org.openqa.selenium.firefox.FirefoxDriver
Capabilities [{platform=LINUX, acceptSslCerts=true, javascriptEnabled=true, cssSelectorsEnabled=true, databaseEnabled=true, browserName=firefox, handlesAlerts=true, browserConnectionEnabled=true, nativeEvents=false, webStorageEnabled=true, rotatable=false, locationContextEnabled=true, applicationCacheEnabled=true, takesScreenshot=true, version=29.0}]]]>
            </message>
            <full-stacktrace>
              <![CDATA[org.openqa.selenium.NoSuchElementException: Unable to locate element: {"method":"xpath","selector":"html/body/div[1]/header/nav/ol[2]/li[2]/a"}
Command duration or timeout: 10.07 seconds
For documentation on this error, please visit: http://seleniumhq.org/exceptions/no_such_element.html
Build info: version: '2.44.0', revision: '76d78cf', time: '2014-10-23 20:03:00'
System info: host: 'aakash-desktop', ip: '127.0.1.1', os.name: 'Linux', os.arch: 'i386', os.version: '3.5.0-51-generic', java.version: '1.7.0_55'
Session ID: 12de36dc-65ca-4691-91cc-64df81585552
Driver info: org.openqa.selenium.firefox.FirefoxDriver
Capabilities [{platform=LINUX, acceptSslCerts=true, javascriptEnabled=true, cssSelectorsEnabled=true, databaseEnabled=true, browserName=firefox, handlesAlerts=true, browserConnectionEnabled=true, nativeEvents=false, webStorageEnabled=true, rotatable=false, locationContextEnabled=true, applicationCacheEnabled=true, takesScreenshot=true, version=29.0}]
	at sun.reflect.NativeConstructorAccessorImpl.newInstance0(Native Method)
	at sun.reflect.NativeConstructorAccessorImpl.newInstance(NativeConstructorAccessorImpl.java:57)
	at sun.reflect.DelegatingConstructorAccessorImpl.newInstance(DelegatingConstructorAccessorImpl.java:45)
	at java.lang.reflect.Constructor.newInstance(Constructor.java:526)
	at org.openqa.selenium.remote.ErrorHandler.createThrowable(ErrorHandler.java:204)
	at org.openqa.selenium.remote.ErrorHandler.throwIfResponseFailed(ErrorHandler.java:156)
	at org.openqa.selenium.remote.RemoteWebDriver.execute(RemoteWebDriver.java:599)
	at org.openqa.selenium.remote.RemoteWebDriver.findElement(RemoteWebDriver.java:352)
	at org.openqa.selenium.remote.RemoteWebDriver.findElementByXPath(RemoteWebDriver.java:449)
	at org.openqa.selenium.By$ByXPath.findElement(By.java:357)
	at org.openqa.selenium.remote.RemoteWebDriver.findElement(RemoteWebDriver.java:344)
	at iitbombayX.registrationPage.test_registration_page.testRegPage(test_registration_page.java:47)
	at sun.reflect.NativeMethodAccessorImpl.invoke0(Native Method)
	at sun.reflect.NativeMethodAccessorImpl.invoke(NativeMethodAccessorImpl.java:57)
	at sun.reflect.DelegatingMethodAccessorImpl.invoke(DelegatingMethodAccessorImpl.java:43)
	at java.lang.reflect.Method.invoke(Method.java:606)
	at org.testng.internal.MethodInvocationHelper.invokeMethod(MethodInvocationHelper.java:84)
	at org.testng.internal.Invoker.invokeMethod(Invoker.java:714)
	at org.testng.internal.Invoker.invokeTestMethod(Invoker.java:901)
	at org.testng.internal.Invoker.invokeTestMethods(Invoker.java:1231)
	at org.testng.internal.TestMethodWorker.invokeTestMethods(TestMethodWorker.java:127)
	at org.testng.internal.TestMethodWorker.run(TestMethodWorker.java:111)
	at org.testng.TestRunner.privateRun(TestRunner.java:767)
	at org.testng.TestRunner.run(TestRunner.java:617)
	at org.testng.SuiteRunner.runTest(SuiteRunner.java:334)
	at org.testng.SuiteRunner.runSequentially(SuiteRunner.java:329)
	at org.testng.SuiteRunner.privateRun(SuiteRunner.java:291)
	at org.testng.SuiteRunner.run(SuiteRunner.java:240)
	at org.testng.SuiteRunnerWorker.runSuite(SuiteRunnerWorker.java:52)
	at org.testng.SuiteRunnerWorker.run(SuiteRunnerWorker.java:86)
	at org.testng.TestNG.runSuitesSequentially(TestNG.java:1224)
	at org.testng.TestNG.runSuitesLocally(TestNG.java:1149)
	at org.testng.TestNG.run(TestNG.java:1057)
	at org.testng.remote.RemoteTestNG.run(RemoteTestNG.java:111)
	at org.testng.remote.RemoteTestNG.initAndRun(RemoteTestNG.java:204)
	at org.testng.remote.RemoteTestNG.main(RemoteTestNG.java:175)
Caused by: org.openqa.selenium.NoSuchElementException: Unable to locate element: {"method":"xpath","selector":"html/body/div[1]/header/nav/ol[2]/li[2]/a"}
For documentation on this error, please visit: http://seleniumhq.org/exceptions/no_such_element.html
Build info: version: '2.44.0', revision: '76d78cf', time: '2014-10-23 20:03:00'
System info: host: 'aakash-desktop', ip: '127.0.1.1', os.name: 'Linux', os.arch: 'i386', os.version: '3.5.0-51-generic', java.version: '1.7.0_55'
Driver info: driver.version: unknown
	at <anonymous class>.FirefoxDriver.prototype.findElementInternal_(file:///tmp/anonymous4053297623512160779webdriver-profile/extensions/fxdriver@googlecode.com/components/driver-component.js:9641)
	at <anonymous class>.fxdriver.Timer.prototype.setTimeout/<.notify(file:///tmp/anonymous4053297623512160779webdriver-profile/extensions/fxdriver@googlecode.com/components/driver-component.js:548)
]]>
            </full-stacktrace>
          </exception> <!-- org.openqa.selenium.NoSuchElementException -->
          <reporter-output>
          </reporter-output>
        </test-method> <!-- testRegPage -->
        <test-method status="PASS" signature="afterMethod()[pri:0, instance:iitbombayX.registrationPage.test_registration_page@e781f]" name="afterMethod" is-config="true" duration-ms="72" started-at="2015-04-09T12:34:58Z" finished-at="2015-04-09T12:34:58Z">
          <reporter-output>
          </reporter-output>
        </test-method> <!-- afterMethod -->
      </class> <!-- iitbombayX.registrationPage.test_registration_page -->
      <class name="iitbombayX.registrationPage.content_test">
        <test-method status="PASS" signature="beforeMethod()[pri:0, instance:iitbombayX.registrationPage.content_test@413157]" name="beforeMethod" is-config="true" duration-ms="4448" started-at="2015-04-09T12:35:13Z" finished-at="2015-04-09T12:35:18Z">
          <reporter-output>
          </reporter-output>
        </test-method> <!-- beforeMethod -->
        <test-method status="PASS" signature="RegistrationPageContent()[pri:0, instance:iitbombayX.registrationPage.content_test@413157]" name="RegistrationPageContent" duration-ms="675" started-at="2015-04-09T12:35:18Z" finished-at="2015-04-09T12:35:18Z">
          <reporter-output>
          </reporter-output>
        </test-method> <!-- RegistrationPageContent -->
        <test-method status="PASS" signature="afterMethod()[pri:0, instance:iitbombayX.registrationPage.content_test@413157]" name="afterMethod" is-config="true" duration-ms="70" started-at="2015-04-09T12:35:18Z" finished-at="2015-04-09T12:35:18Z">
          <reporter-output>
          </reporter-output>
        </test-method> <!-- afterMethod -->
      </class> <!-- iitbombayX.registrationPage.content_test -->
    </test> <!-- Registration Page of IITBombayX -->
    <test name="Login Page of IITBombayX" duration-ms="7478" started-at="2015-04-09T07:05:18Z" finished-at="2015-04-09T07:05:26Z">
      <class name="iitbombayX.loginPage.testLoginPage">
        <test-method status="PASS" signature="beforeMethod()[pri:0, instance:iitbombayX.loginPage.testLoginPage@11525cd]" name="beforeMethod" is-config="true" duration-ms="4337" started-at="2015-04-09T12:35:18Z" finished-at="2015-04-09T12:35:23Z">
          <reporter-output>
          </reporter-output>
        </test-method> <!-- beforeMethod -->
        <test-method status="PASS" signature="testLoginPage()[pri:0, instance:iitbombayX.loginPage.testLoginPage@11525cd]" name="testLoginPage" duration-ms="3071" started-at="2015-04-09T12:35:23Z" finished-at="2015-04-09T12:35:26Z">
          <reporter-output>
          </reporter-output>
        </test-method> <!-- testLoginPage -->
        <test-method status="PASS" signature="afterMethod()[pri:0, instance:iitbombayX.loginPage.testLoginPage@11525cd]" name="afterMethod" is-config="true" duration-ms="68" started-at="2015-04-09T12:35:26Z" finished-at="2015-04-09T12:35:26Z">
          <reporter-output>
          </reporter-output>
        </test-method> <!-- afterMethod -->
      </class> <!-- iitbombayX.loginPage.testLoginPage -->
    </test> <!-- Login Page of IITBombayX -->
  </suite> <!-- Automation Testing IITBombayX Using Selenium -->
</testng-results>
